<?xml version="1.0" encoding="UTF-8"?>
<!-- Generated by org.testng.reporters.JUnitReportReporter -->
<testsuite hostname="ppss-VB" failures="0" tests="8" name="ppss.ejercicio1.MultipathExampleTest" time="0.015" errors="0" timestamp="2023-05-29T00:02:56 CEST" skipped="0">
  <testcase classname="ppss.ejercicio1.MultipathExampleTest" name="testMultipath3Test1" time="0.000"/>
  <testcase classname="ppss.ejercicio1.MultipathExampleTest" name="testMultipathTest1" time="0.000"/>
  <testcase classname="ppss.ejercicio1.MultipathExampleTest" name="testMultipath2Test3" time="0.001"/>
  <testcase classname="ppss.ejercicio1.MultipathExampleTest" name="testMultipath2Test2" time="0.001"/>
  <testcase classname="ppss.ejercicio1.MultipathExampleTest" name="testMultipath2Test1" time="0.013"/>
  <testcase classname="ppss.ejercicio1.MultipathExampleTest" name="testMultipath3Test2" time="0.000"/>
  <testcase classname="ppss.ejercicio1.MultipathExampleTest" name="testMultipathTest2" time="0.000"/>
  <testcase classname="ppss.ejercicio1.MultipathExampleTest" name="testMultipathTest3" time="0.000"/>
</testsuite> <!-- ppss.ejercicio1.MultipathExampleTest -->
